Flow report for Project
Tue Apr 19 12:00:07 2016
Quartus II 64-Bit Version 12.1 Build 177 11/07/2012 SJ Web Edition


---------------------
; Table of Contents ;
---------------------
  1. Legal Notice
  2. Flow Summary
  3. Flow Settings
  4. Flow Non-Default Global Settings
  5. Flow Elapsed Time
  6. Flow OS Summary
  7. Flow Log



----------------
; Legal Notice ;
----------------
Copyright (C) 1991-2012 Altera Corporation
Your use of Altera Corporation's design tools, logic functions 
and other software and tools, and its AMPP partner logic 
functions, and any output files from any of the foregoing 
(including device programming or simulation files), and any 
associated documentation or information are expressly subject 
to the terms and conditions of the Altera Program License 
Subscription Agreement, Altera MegaCore Function License 
Agreement, or other applicable license agreement, including, 
without limitation, that your use is for the sole purpose of 
programming logic devices manufactured by Altera and sold by 
Altera or its authorized distributors.  Please refer to the 
applicable agreement for further details.



+-------------------------------------------------------------------------------+
; Flow Summary                                                                  ;
+------------------------------------+------------------------------------------+
; Flow Status                        ; Successful - Tue Apr 19 12:00:07 2016    ;
; Quartus II 64-Bit Version          ; 12.1 Build 177 11/07/2012 SJ Web Edition ;
; Revision Name                      ; Project                                  ;
; Top-level Entity Name              ; top_level                                ;
; Family                             ; Cyclone III                              ;
; Device                             ; EP3C16F484C6                             ;
; Timing Models                      ; Final                                    ;
; Total logic elements               ; 565 / 15,408 ( 4 % )                     ;
;     Total combinational functions  ; 514 / 15,408 ( 3 % )                     ;
;     Dedicated logic registers      ; 237 / 15,408 ( 2 % )                     ;
; Total registers                    ; 237                                      ;
; Total pins                         ; 47 / 347 ( 14 % )                        ;
; Total virtual pins                 ; 0                                        ;
; Total memory bits                  ; 2,048 / 516,096 ( < 1 % )                ;
; Embedded Multiplier 9-bit elements ; 1 / 112 ( < 1 % )                        ;
; Total PLLs                         ; 0 / 4 ( 0 % )                            ;
+------------------------------------+------------------------------------------+


+-----------------------------------------+
; Flow Settings                           ;
+-------------------+---------------------+
; Option            ; Setting             ;
+-------------------+---------------------+
; Start date & time ; 04/19/2016 11:59:39 ;
; Main task         ; Compilation         ;
; Revision Name     ; Project             ;
+-------------------+---------------------+


+----------------------------------------------------------------------------------------------------------------------+
; Flow Non-Default Global Settings                                                                                     ;
+-------------------------------------+---------------------------------+---------------+-------------+----------------+
; Assignment Name                     ; Value                           ; Default Value ; Entity Name ; Section Id     ;
+-------------------------------------+---------------------------------+---------------+-------------+----------------+
; COMPILER_SIGNATURE_ID               ; 110461099061432.146108157904220 ; --            ; --          ; --             ;
; EDA_OUTPUT_DATA_FORMAT              ; Vhdl                            ; --            ; --          ; eda_simulation ;
; EDA_SIMULATION_TOOL                 ; ModelSim-Altera (VHDL)          ; <None>        ; --          ; --             ;
; IP_TOOL_NAME                        ; RAM: 1-PORT                     ; --            ; --          ; --             ;
; IP_TOOL_NAME                        ; RAM: 1-PORT                     ; --            ; --          ; --             ;
; IP_TOOL_NAME                        ; RAM: 1-PORT                     ; --            ; --          ; --             ;
; IP_TOOL_NAME                        ; RAM: 1-PORT                     ; --            ; --          ; --             ;
; IP_TOOL_NAME                        ; RAM: 1-PORT                     ; --            ; --          ; --             ;
; IP_TOOL_NAME                        ; RAM: 1-PORT                     ; --            ; --          ; --             ;
; IP_TOOL_NAME                        ; RAM: 1-PORT                     ; --            ; --          ; --             ;
; IP_TOOL_VERSION                     ; 12.1                            ; --            ; --          ; --             ;
; IP_TOOL_VERSION                     ; 12.1                            ; --            ; --          ; --             ;
; IP_TOOL_VERSION                     ; 12.1                            ; --            ; --          ; --             ;
; IP_TOOL_VERSION                     ; 12.1                            ; --            ; --          ; --             ;
; IP_TOOL_VERSION                     ; 12.1                            ; --            ; --          ; --             ;
; IP_TOOL_VERSION                     ; 12.1                            ; --            ; --          ; --             ;
; IP_TOOL_VERSION                     ; 12.1                            ; --            ; --          ; --             ;
; MAX_CORE_JUNCTION_TEMP              ; 85                              ; --            ; --          ; --             ;
; MIN_CORE_JUNCTION_TEMP              ; 0                               ; --            ; --          ; --             ;
; MISC_FILE                           ; testCase1_ram.cmp               ; --            ; --          ; --             ;
; MISC_FILE                           ; testCase2_ram.cmp               ; --            ; --          ; --             ;
; MISC_FILE                           ; testCase3_ram.cmp               ; --            ; --          ; --             ;
; MISC_FILE                           ; testCase4_ram.cmp               ; --            ; --          ; --             ;
; MISC_FILE                           ; mult.cmp                        ; --            ; --          ; --             ;
; MISC_FILE                           ; testCase5_ram.cmp               ; --            ; --          ; --             ;
; MISC_FILE                           ; testCase6_ram.cmp               ; --            ; --          ; --             ;
; PARTITION_COLOR                     ; 16764057                        ; --            ; top_level   ; Top            ;
; PARTITION_FITTER_PRESERVATION_LEVEL ; PLACEMENT_AND_ROUTING           ; --            ; top_level   ; Top            ;
; PARTITION_NETLIST_TYPE              ; SOURCE                          ; --            ; top_level   ; Top            ;
; PROJECT_OUTPUT_DIRECTORY            ; output_files                    ; --            ; --          ; --             ;
; TOP_LEVEL_ENTITY                    ; top_level                       ; Project       ; --          ; --             ;
+-------------------------------------+---------------------------------+---------------+-------------+----------------+


+-------------------------------------------------------------------------------------------------------------------------------+
; Flow Elapsed Time                                                                                                             ;
+---------------------------+--------------+-------------------------+---------------------+------------------------------------+
; Module Name               ; Elapsed Time ; Average Processors Used ; Peak Virtual Memory ; Total CPU Time (on all processors) ;
+---------------------------+--------------+-------------------------+---------------------+------------------------------------+
; Analysis & Synthesis      ; 00:00:05     ; 1.0                     ; 532 MB              ; 00:00:05                           ;
; Fitter                    ; 00:00:11     ; 1.2                     ; 706 MB              ; 00:00:13                           ;
; Assembler                 ; 00:00:01     ; 1.0                     ; 452 MB              ; 00:00:02                           ;
; TimeQuest Timing Analyzer ; 00:00:03     ; 1.0                     ; 505 MB              ; 00:00:03                           ;
; EDA Netlist Writer        ; 00:00:02     ; 1.0                     ; 420 MB              ; 00:00:02                           ;
; Total                     ; 00:00:22     ; --                      ; --                  ; 00:00:25                           ;
+---------------------------+--------------+-------------------------+---------------------+------------------------------------+


+----------------------------------------------------------------------------------------+
; Flow OS Summary                                                                        ;
+---------------------------+------------------+-----------+------------+----------------+
; Module Name               ; Machine Hostname ; OS Name   ; OS Version ; Processor type ;
+---------------------------+------------------+-----------+------------+----------------+
; Analysis & Synthesis      ; WinBook          ; Windows 7 ; 6.2        ; x86_64         ;
; Fitter                    ; WinBook          ; Windows 7 ; 6.2        ; x86_64         ;
; Assembler                 ; WinBook          ; Windows 7 ; 6.2        ; x86_64         ;
; TimeQuest Timing Analyzer ; WinBook          ; Windows 7 ; 6.2        ; x86_64         ;
; EDA Netlist Writer        ; WinBook          ; Windows 7 ; 6.2        ; x86_64         ;
+---------------------------+------------------+-----------+------------+----------------+


------------
; Flow Log ;
------------
quartus_map --read_settings_files=on --write_settings_files=off Project -c Project
quartus_fit --read_settings_files=off --write_settings_files=off Project -c Project
quartus_asm --read_settings_files=off --write_settings_files=off Project -c Project
quartus_sta Project -c Project
quartus_eda --read_settings_files=off --write_settings_files=off Project -c Project



